<?xml version="1.0" encoding="UTF-8"?>
<!-- Generated by org.testng.reporters.JUnitXMLReporter -->
<testsuite ignored="0" hostname="DESKTOP-HPEUQME" failures="1" tests="1" name="Test" time="21.877" errors="0" timestamp="2023-01-12T17:58:40 IST">
  <testcase classname="Nominee.Nominee_Add_NomineeTest" name="AddNominee" time="2.359">
    <failure type="java.lang.AssertionError" message="null">
      <![CDATA[java.lang.AssertionError: null
at Nominee.Nominee_Add_NomineeTest.AddNominee(Nominee_Add_NomineeTest.java:38)
at java.base/java.util.ArrayList.forEach(ArrayList.java:1507)
at java.base/java.util.concurrent.FutureTask.run(FutureTask.java:264)
at java.base/java.util.concurrent.ThreadPoolExecutor.runWorker(ThreadPoolExecutor.java:1128)
at java.base/java.util.concurrent.ThreadPoolExecutor$Worker.run(ThreadPoolExecutor.java:628)
at java.base/java.lang.Thread.run(Thread.java:830)
... Removed 20 stack frames]]>
    </failure>
  </testcase> <!-- AddNominee -->
</testsuite> <!-- Test -->
